1601270295963	geckodriver	INFO	geckodriver 0.21.0
1601270295969	geckodriver	INFO	Listening on 127.0.0.1:62003
1601270296985	mozrunner::runner	INFO	Running command: "/Applications/Firefox.app/Contents/MacOS/firefox-bin" "-marionette" "-headless" "-foreground" "-no-remote" "-profile" "/var/folders/xz/8j6wp8m52w9dz6qgyj8dwxh80000gn/T/rust_mozprofile.aOd0svQpjnGv"
*** You are running in headless mode.
1601270300625	Marionette	TRACE	Marionette enabled
1601270300692	Marionette	TRACE	Received observer notification toplevel-window-ready
1601270305080	Marionette	TRACE	Received observer notification marionette-startup-requested
1601270305080	Marionette	TRACE	Waiting until startup recorder finished recording startup scripts...
1601270305130	Marionette	TRACE	All scripts recorded.
1601270305130	Marionette	DEBUG	Setting recommended pref app.update.disabledForTesting to true
1601270305130	Marionette	DEBUG	Setting recommended pref apz.content_response_timeout to 60000
1601270305130	Marionette	DEBUG	Setting recommended pref browser.contentblocking.introCount to 99
1601270305131	Marionette	DEBUG	Setting recommended pref browser.download.panel.shown to true
1601270305131	Marionette	DEBUG	Setting recommended pref browser.pagethumbnails.capturing_disabled to true
1601270305131	Marionette	DEBUG	Setting recommended pref browser.tabs.disableBackgroundZombification to false
1601270305131	Marionette	DEBUG	Setting recommended pref browser.tabs.remote.separatePrivilegedContentProcess to false
1601270305131	Marionette	DEBUG	Setting recommended pref browser.tabs.unloadOnLowMemory to false
1601270305131	Marionette	DEBUG	Setting recommended pref browser.tabs.warnOnCloseOtherTabs to false
1601270305131	Marionette	DEBUG	Setting recommended pref browser.urlbar.suggest.searches to false
1601270305132	Marionette	DEBUG	Setting recommended pref datareporting.policy.dataSubmissionPolicyAccepted to false
1601270305132	Marionette	DEBUG	Setting recommended pref dom.disable_beforeunload to true
1601270305132	Marionette	DEBUG	Setting recommended pref dom.file.createInChild to true
1601270305133	Marionette	DEBUG	Setting recommended pref dom.push.connection.enabled to false
1601270305133	Marionette	DEBUG	Setting recommended pref extensions.getAddons.cache.enabled to false
1601270305133	Marionette	DEBUG	Setting recommended pref extensions.getAddons.discovery.api_url to data:, 
1601270305133	Marionette	DEBUG	Setting recommended pref network.http.prompt-temp-redirect to false
1601270305133	Marionette	DEBUG	Setting recommended pref privacy.trackingprotection.enabled to false
1601270305133	Marionette	DEBUG	Setting recommended pref security.certerrors.mitm.priming.enabled to false
1601270305133	Marionette	DEBUG	Setting recommended pref security.notification_enable_delay to 0
1601270305134	Marionette	DEBUG	Setting recommended pref signon.autofillForms to false
1601270305170	Marionette	INFO	Listening on port 62021
1601270305170	Marionette	DEBUG	Marionette is listening
1601270305202	Marionette	DEBUG	Accepted connection 0 from 127.0.0.1:62155
1601270305204	Marionette	DEBUG	0 -> [0,1,"WebDriver:NewSession",{"acceptInsecureCerts":true,"browserName":"firefox","capabilities":{"desiredCapabilities":{"acceptInsecureCerts":true,"browserName":"firefox"}}}]
1601270305206	Marionette	WARN	TLS certificate errors will be ignored for this session
1601270307686	Marionette	TRACE	[22] Frame script loaded
1601270307687	Marionette	TRACE	[22] Frame script registered
1601270307691	Marionette	DEBUG	0 <- [1,1,null,{"sessionId":"a6b12047-22b8-1447-a825-fe710efa96fa","capabilities":{"browserName":"firefox","browserVersion":"80.0. ... alse,"moz:webdriverClick":true,"capabilities":{"desiredCapabilities":{"acceptInsecureCerts":true,"browserName":"firefox"}}}}]
1601270307699	Marionette	DEBUG	0 -> [0,2,"WebDriver:SetTimeouts",{"script":5000}]
1601270307699	Marionette	DEBUG	0 <- [1,2,null,{"value":null}]
1601270307701	Marionette	DEBUG	0 -> [0,3,"WebDriver:SetTimeouts",{"implicit":0}]
1601270307701	Marionette	DEBUG	0 <- [1,3,null,{"value":null}]
1601270307703	Marionette	DEBUG	0 -> [0,4,"WebDriver:Navigate",{"url":"https://fitto-test.fitto-at.com/"}]
1601270307731	Marionette	TRACE	[22] Received DOM event beforeunload for about:blank
1601270309924	Marionette	TRACE	[22] Received DOM event pagehide for about:blank
JavaScript warning: https://fitto-test.fitto-at.com/fittoApp/js/angular-route.min.js, line 14: Using //@ to indicate sourceMappingURL pragmas is deprecated. Use //# instead
1601270322240	Marionette	TRACE	[22] Received DOM event DOMContentLoaded for https://fitto-test.fitto-at.com/
1601270322272	Marionette	TRACE	[22] Received DOM event pageshow for https://fitto-test.fitto-at.com/
1601270322272	Marionette	DEBUG	0 <- [1,4,null,{"value":null}]
1601270324281	Marionette	DEBUG	0 -> [0,5,"WebDriver:MaximizeWindow",{}]
1601270324282	Marionette	DEBUG	0 <- [1,5,null,{"x":4,"y":4,"width":1366,"height":768}]
1601270327291	Marionette	DEBUG	0 -> [0,6,"WebDriver:FindElements",{"using":"xpath","value":"/html/body/div/div/div/div[2]/div/div/div[2]/form/div/div[1]/input[1]"}]
1601270327295	Marionette	DEBUG	0 <- [1,6,null,[{"element-6066-11e4-a52e-4f735466cecf":"214970c4-f5de-6044-8899-9b463ecdd849"}]]
1601270327298	Marionette	DEBUG	0 -> [0,7,"WebDriver:ElementClear",{"id":"214970c4-f5de-6044-8899-9b463ecdd849"}]
1601270327308	Marionette	DEBUG	0 <- [1,7,null,{"value":null}]
1601270327311	Marionette	DEBUG	0 -> [0,8,"WebDriver:ElementSendKeys",{"id":"214970c4-f5de-6044-8899-9b463ecdd849","text":"mohankumar.n@ambertag.com","value":["m","o","h","a","n","k","u","m","a","r",".","n","@","a","m","b","e","r","t","a","g",".","c","o","m"]}]
1601270327353	Marionette	DEBUG	0 <- [1,8,null,{"value":null}]
1601270328359	Marionette	DEBUG	0 -> [0,9,"WebDriver:FindElements",{"using":"xpath","value":"/html/body/div/div/div/div[2]/div/div/div[2]/form/div/div[1]/input[2]"}]
1601270328361	Marionette	DEBUG	0 <- [1,9,null,[{"element-6066-11e4-a52e-4f735466cecf":"fcea8f94-2447-1e4b-ab2c-4c2de00c6b1a"}]]
1601270328364	Marionette	DEBUG	0 -> [0,10,"WebDriver:ElementClear",{"id":"fcea8f94-2447-1e4b-ab2c-4c2de00c6b1a"}]
1601270328370	Marionette	DEBUG	0 <- [1,10,null,{"value":null}]
1601270328373	Marionette	DEBUG	0 -> [0,11,"WebDriver:ElementSendKeys",{"id":"fcea8f94-2447-1e4b-ab2c-4c2de00c6b1a","text":"testtest","value":["t","e","s","t","t","e","s","t"]}]
1601270328387	Marionette	DEBUG	0 <- [1,11,null,{"value":null}]
1601270331392	Marionette	DEBUG	0 -> [0,12,"WebDriver:FindElements",{"using":"xpath","value":"/html/body/div/div/div/div[2]/div/div/div[2]/form/div/div[3]/button[1]"}]
1601270331394	Marionette	DEBUG	0 <- [1,12,null,[{"element-6066-11e4-a52e-4f735466cecf":"30160ea0-ac4f-bf4f-9b1c-dc82ccad8f02"}]]
1601270331397	Marionette	DEBUG	0 -> [0,13,"WebDriver:ElementClick",{"id":"30160ea0-ac4f-bf4f-9b1c-dc82ccad8f02"}]
1601270331622	Marionette	DEBUG	[22] Canceled page load listener because no navigation has been detected
1601270331623	Marionette	DEBUG	0 <- [1,13,null,{"value":null}]
1601270336630	Marionette	DEBUG	0 -> [0,14,"WebDriver:FindElements",{"using":"xpath","value":"/html/body/div/div/div[1]/div[2]/div[2]/div[1]/button"}]
1601270336633	Marionette	DEBUG	0 <- [1,14,null,[{"element-6066-11e4-a52e-4f735466cecf":"69debcff-6702-bc40-b9b6-65d29b0eca47"}]]
1601270336636	Marionette	DEBUG	0 -> [0,15,"WebDriver:ElementClick",{"id":"69debcff-6702-bc40-b9b6-65d29b0eca47"}]
1601270336845	Marionette	DEBUG	[22] Canceled page load listener because no navigation has been detected
1601270336846	Marionette	DEBUG	0 <- [1,15,null,{"value":null}]
1601270339852	Marionette	DEBUG	0 -> [0,16,"WebDriver:FindElements",{"using":"xpath","value":"//*[@id=\"mainFrame\"]/div/div[1]/div[1]/select[1]"}]
1601270339855	Marionette	DEBUG	0 <- [1,16,null,[{"element-6066-11e4-a52e-4f735466cecf":"bff567fb-cbbf-9f40-975e-43165544a768"}]]
1601270339858	Marionette	DEBUG	0 -> [0,17,"WebDriver:GetElementTagName",{"id":"bff567fb-cbbf-9f40-975e-43165544a768"}]
1601270339859	Marionette	DEBUG	0 <- [1,17,null,{"value":"select"}]
1601270339862	Marionette	DEBUG	0 -> [0,18,"WebDriver:GetElementTagName",{"id":"bff567fb-cbbf-9f40-975e-43165544a768"}]
1601270339863	Marionette	DEBUG	0 <- [1,18,null,{"value":"select"}]
1601270339866	Marionette	DEBUG	0 -> [0,19,"WebDriver:ExecuteScript",{"args":[{"ELEMENT":"bff567fb-cbbf-9f40-975e-43165544a768","element-6066-11e4-a52e-4f735466ce ... dow!='undefined'?window.document:null}, arguments);}\n).apply(null, arguments);","scriptTimeout":null,"specialPowers":false}]
1601270339870	Marionette	DEBUG	0 <- [1,19,null,{"value":null}]
1601270339872	Marionette	DEBUG	0 -> [0,20,"WebDriver:FindElements",{"element":"bff567fb-cbbf-9f40-975e-43165544a768","using":"css selector","value":"option"}]
1601270339875	Marionette	DEBUG	0 <- [1,20,null,[{"element-6066-11e4-a52e-4f735466cecf":"682d0b98-e7d1-e047-8f9c-eb6c1aab73f5"},{"element-6066-11e4-a52e-4f735466c ... ecf":"81e92980-389c-274d-9fc1-d572827866d8"},{"element-6066-11e4-a52e-4f735466cecf":"bd952af5-620c-7c46-9c09-5f25cce8dad5"}]]
1601270339877	Marionette	DEBUG	0 -> [0,21,"WebDriver:ExecuteScript",{"args":[{"ELEMENT":"682d0b98-e7d1-e047-8f9c-eb6c1aab73f5","element-6066-11e4-a52e-4f735466ce ... dow!='undefined'?window.document:null}, arguments);}\n).apply(null, arguments);","scriptTimeout":null,"specialPowers":false}]
1601270339880	Marionette	DEBUG	0 <- [1,21,null,{"value":"0"}]
1601270339882	Marionette	DEBUG	0 -> [0,22,"WebDriver:ExecuteScript",{"args":[{"ELEMENT":"cc806113-3baf-294e-b9af-1ba88389f8f7","element-6066-11e4-a52e-4f735466ce ... dow!='undefined'?window.document:null}, arguments);}\n).apply(null, arguments);","scriptTimeout":null,"specialPowers":false}]
1601270339886	Marionette	DEBUG	0 <- [1,22,null,{"value":"1"}]
1601270339888	Marionette	DEBUG	0 -> [0,23,"WebDriver:IsElementSelected",{"id":"cc806113-3baf-294e-b9af-1ba88389f8f7"}]
1601270339890	Marionette	DEBUG	0 <- [1,23,null,{"value":false}]
1601270339892	Marionette	DEBUG	0 -> [0,24,"WebDriver:ElementClick",{"id":"cc806113-3baf-294e-b9af-1ba88389f8f7"}]
1601270340106	Marionette	DEBUG	[22] Canceled page load listener because no navigation has been detected
1601270340107	Marionette	DEBUG	0 <- [1,24,null,{"value":null}]
1601270343114	Marionette	DEBUG	0 -> [0,25,"WebDriver:FindElements",{"using":"xpath","value":"//*[@id=\"mainFrame\"]/div/div[1]/div[1]/select[2]"}]
1601270343116	Marionette	DEBUG	0 <- [1,25,null,[{"element-6066-11e4-a52e-4f735466cecf":"c1929ce1-9bb8-8f42-b55c-3cb8e25705f7"}]]
1601270343118	Marionette	DEBUG	0 -> [0,26,"WebDriver:GetElementTagName",{"id":"c1929ce1-9bb8-8f42-b55c-3cb8e25705f7"}]
1601270343119	Marionette	DEBUG	0 <- [1,26,null,{"value":"select"}]
1601270343121	Marionette	DEBUG	0 -> [0,27,"WebDriver:GetElementTagName",{"id":"c1929ce1-9bb8-8f42-b55c-3cb8e25705f7"}]
1601270343122	Marionette	DEBUG	0 <- [1,27,null,{"value":"select"}]
1601270343124	Marionette	DEBUG	0 -> [0,28,"WebDriver:ExecuteScript",{"args":[{"ELEMENT":"c1929ce1-9bb8-8f42-b55c-3cb8e25705f7","element-6066-11e4-a52e-4f735466ce ... dow!='undefined'?window.document:null}, arguments);}\n).apply(null, arguments);","scriptTimeout":null,"specialPowers":false}]
1601270343128	Marionette	DEBUG	0 <- [1,28,null,{"value":null}]
1601270343131	Marionette	DEBUG	0 -> [0,29,"WebDriver:FindElements",{"element":"c1929ce1-9bb8-8f42-b55c-3cb8e25705f7","using":"css selector","value":"option"}]
1601270343133	Marionette	DEBUG	0 <- [1,29,null,[{"element-6066-11e4-a52e-4f735466cecf":"2b4149e5-5d58-014e-bf20-fd7394b5b15d"},{"element-6066-11e4-a52e-4f735466c ... ecf":"576f0bd2-17a1-f546-809d-f9dee48e72e9"},{"element-6066-11e4-a52e-4f735466cecf":"4fe3cfdc-6623-5743-b222-569da9d0c632"}]]
1601270343135	Marionette	DEBUG	0 -> [0,30,"WebDriver:ExecuteScript",{"args":[{"ELEMENT":"2b4149e5-5d58-014e-bf20-fd7394b5b15d","element-6066-11e4-a52e-4f735466ce ... dow!='undefined'?window.document:null}, arguments);}\n).apply(null, arguments);","scriptTimeout":null,"specialPowers":false}]
1601270343138	Marionette	DEBUG	0 <- [1,30,null,{"value":"0"}]
1601270343140	Marionette	DEBUG	0 -> [0,31,"WebDriver:ExecuteScript",{"args":[{"ELEMENT":"9574f265-4fe9-ce40-bbd6-5ba453574487","element-6066-11e4-a52e-4f735466ce ... dow!='undefined'?window.document:null}, arguments);}\n).apply(null, arguments);","scriptTimeout":null,"specialPowers":false}]
1601270343144	Marionette	DEBUG	0 <- [1,31,null,{"value":"1"}]
1601270343146	Marionette	DEBUG	0 -> [0,32,"WebDriver:IsElementSelected",{"id":"9574f265-4fe9-ce40-bbd6-5ba453574487"}]
1601270343148	Marionette	DEBUG	0 <- [1,32,null,{"value":false}]
1601270343149	Marionette	DEBUG	0 -> [0,33,"WebDriver:ElementClick",{"id":"9574f265-4fe9-ce40-bbd6-5ba453574487"}]
1601270343359	Marionette	DEBUG	[22] Canceled page load listener because no navigation has been detected
1601270343359	Marionette	DEBUG	0 <- [1,33,null,{"value":null}]
1601270346367	Marionette	DEBUG	0 -> [0,34,"WebDriver:FindElements",{"using":"xpath","value":"//option[contains(text(),'test_clinic')]"}]
1601270346369	Marionette	DEBUG	0 <- [1,34,null,[{"element-6066-11e4-a52e-4f735466cecf":"9c41532b-8d54-8a45-8c4c-6a7b2afa8eb2"}]]
1601270346372	Marionette	DEBUG	0 -> [0,35,"WebDriver:ElementClick",{"id":"9c41532b-8d54-8a45-8c4c-6a7b2afa8eb2"}]
1601270346583	Marionette	DEBUG	[22] Canceled page load listener because no navigation has been detected
1601270346584	Marionette	DEBUG	0 <- [1,35,null,{"value":null}]
1601270356589	Marionette	DEBUG	0 -> [0,36,"WebDriver:FindElements",{"using":"xpath","value":"/html/body/div/div/div/div[2]/div[3]/div[1]/div/div/div[4]/div/div/div/div[2]/div/div/button"}]
1601270356591	Marionette	DEBUG	0 <- [1,36,null,[{"element-6066-11e4-a52e-4f735466cecf":"66be7d39-62a3-c54f-a418-4de12e91447b"}]]
1601270358598	Marionette	DEBUG	0 -> [0,37,"WebDriver:FindElements",{"using":"xpath","value":"/html/body/div/div/div/div[2]/div[3]/div[1]/div/div/div[4]/div/div/div/div[2]/div/div/button"}]
1601270358600	Marionette	DEBUG	0 <- [1,37,null,[{"element-6066-11e4-a52e-4f735466cecf":"66be7d39-62a3-c54f-a418-4de12e91447b"}]]
1601270358604	Marionette	DEBUG	0 -> [0,38,"WebDriver:PerformActions",{"actions":[{"actions":[{"duration":250,"origin":{"element-6066-11e4-a52e-4f735466cecf":"66b ... ause"},{"duration":0,"type":"pause"},{"duration":0,"type":"pause"},{"duration":0,"type":"pause"}],"id":"key","type":"key"}]}]
1601270358608	Marionette	WARN	TimedPromise timed out after 0 ms: stacktrace:
TimedPromise/<@chrome://marionette/content/sync.js:245:13
TimedPromise@chrome://marionette/content/sync.js:230:10
Sleep@chrome://marionette/content/sync.js:283:10
dispatchPause@chrome://marionette/content/action.js:1482:10
toEvents/<@chrome://marionette/content/action.js:1156:16
action.dispatchTickActions@chrome://marionette/content/action.js:1060:35
action.dispatch/chainEvents<@chrome://marionette/content/action.js:1028:20
action.dispatch@chrome://marionette/content/action.js:1034:5
performActions@chrome://marionette/content/listener.js:856:16
dispatch/</req<@chrome://marionette/content/listener.js:529:14
dispatch/<@chrome://marionette/content/listener.js:522:15
1601270358873	Marionette	WARN	TimedPromise timed out after 0 ms: stacktrace:
TimedPromise/<@chrome://marionette/content/sync.js:245:13
TimedPromise@chrome://marionette/content/sync.js:230:10
Sleep@chrome://marionette/content/sync.js:283:10
dispatchPause@chrome://marionette/content/action.js:1482:10
toEvents/<@chrome://marionette/content/action.js:1156:16
action.dispatchTickActions@chrome://marionette/content/action.js:1060:35
action.dispatch/chainEvents<@chrome://marionette/content/action.js:1028:20
1601270359158	Marionette	WARN	TimedPromise timed out after 0 ms: stacktrace:
TimedPromise/<@chrome://marionette/content/sync.js:245:13
TimedPromise@chrome://marionette/content/sync.js:230:10
Sleep@chrome://marionette/content/sync.js:283:10
dispatchPause@chrome://marionette/content/action.js:1482:10
toEvents/<@chrome://marionette/content/action.js:1156:16
action.dispatchTickActions@chrome://marionette/content/action.js:1060:35
action.dispatch/chainEvents<@chrome://marionette/content/action.js:1028:20
1601270359172	Marionette	WARN	TimedPromise timed out after 0 ms: stacktrace:
TimedPromise/<@chrome://marionette/content/sync.js:245:13
TimedPromise@chrome://marionette/content/sync.js:230:10
Sleep@chrome://marionette/content/sync.js:283:10
dispatchPause@chrome://marionette/content/action.js:1482:10
toEvents/<@chrome://marionette/content/action.js:1156:16
action.dispatchTickActions@chrome://marionette/content/action.js:1060:35
action.dispatch/chainEvents<@chrome://marionette/content/action.js:1028:20
1601270359177	Marionette	WARN	TimedPromise timed out after 0 ms: stacktrace:
TimedPromise/<@chrome://marionette/content/sync.js:245:13
TimedPromise@chrome://marionette/content/sync.js:230:10
Sleep@chrome://marionette/content/sync.js:283:10
dispatchPause@chrome://marionette/content/action.js:1482:10
toEvents/<@chrome://marionette/content/action.js:1156:16
action.dispatchTickActions@chrome://marionette/content/action.js:1060:35
action.dispatch/chainEvents<@chrome://marionette/content/action.js:1028:20
1601270359178	Marionette	DEBUG	0 <- [1,38,null,{"value":null}]
1601270369185	Marionette	DEBUG	0 -> [0,39,"WebDriver:FindElements",{"using":"xpath","value":"/html/body/div[3]/div/div/div/div/div[2]/section/div[2]/div/div/div/div[2]/div[2]/div/table/tbody/tr/td/div/div/div[5]/div[2]/table/tbody/tr[1]/td[3]/a/div/span[2]"}]
1601270369187	Marionette	DEBUG	0 <- [1,39,null,[{"element-6066-11e4-a52e-4f735466cecf":"ef9cf0cf-ecb8-c84a-96b0-3b33fe501895"}]]
1601270369190	Marionette	DEBUG	0 -> [0,40,"WebDriver:ElementClick",{"id":"ef9cf0cf-ecb8-c84a-96b0-3b33fe501895"}]
1601270369440	Marionette	DEBUG	[22] Canceled page load listener because no navigation has been detected
1601270369441	Marionette	DEBUG	0 <- [1,40,null,{"value":null}]
1601270373449	Marionette	DEBUG	0 -> [0,41,"WebDriver:FindElements",{"using":"css selector","value":"[id=\"AppoReason\"]"}]
1601270373452	Marionette	DEBUG	0 <- [1,41,null,[{"element-6066-11e4-a52e-4f735466cecf":"bdbc4276-0e44-cc4f-b37a-4eeb68918c21"}]]
1601270373455	Marionette	DEBUG	0 -> [0,42,"WebDriver:ElementClear",{"id":"bdbc4276-0e44-cc4f-b37a-4eeb68918c21"}]
1601270373462	Marionette	DEBUG	0 <- [1,42,null,{"value":null}]
1601270373464	Marionette	DEBUG	0 -> [0,43,"WebDriver:ElementSendKeys",{"id":"bdbc4276-0e44-cc4f-b37a-4eeb68918c21","text":"testing","value":["t","e","s","t","i","n","g"]}]
1601270373482	Marionette	DEBUG	0 <- [1,43,null,{"value":null}]
1601270375490	Marionette	DEBUG	0 -> [0,44,"WebDriver:FindElements",{"using":"xpath","value":"/html/body/div[3]/div/div/div/div[3]/form/div[6]/div[1]/div/button[1]"}]
1601270375493	Marionette	DEBUG	0 <- [1,44,null,[{"element-6066-11e4-a52e-4f735466cecf":"5e0918c8-91da-8840-b0e2-92fb860c8ccf"}]]
1601270375496	Marionette	DEBUG	0 -> [0,45,"WebDriver:ElementClick",{"id":"5e0918c8-91da-8840-b0e2-92fb860c8ccf"}]
1601270375711	Marionette	DEBUG	[22] Canceled page load listener because no navigation has been detected
1601270375712	Marionette	DEBUG	0 <- [1,45,null,{"value":null}]
1601270377721	Marionette	DEBUG	0 -> [0,46,"WebDriver:GetAlertText",{}]
1601270377721	Marionette	DEBUG	0 <- [1,46,{"error":"no such alert","message":"","stacktrace":"WebDriverError@chrome://marionette/content/error.js:175:5\nNoSuchAl ... t@chrome://marionette/content/server.js:249:9\n_onJSONObjectReady/<@chrome://marionette/content/transport.js:501:20\n"},null]
1601270378228	Marionette	DEBUG	0 -> [0,47,"WebDriver:GetAlertText",{}]
1601270378229	Marionette	DEBUG	0 <- [1,47,{"error":"no such alert","message":"","stacktrace":"WebDriverError@chrome://marionette/content/error.js:175:5\nNoSuchAl ... t@chrome://marionette/content/server.js:249:9\n_onJSONObjectReady/<@chrome://marionette/content/transport.js:501:20\n"},null]
1601270378734	Marionette	DEBUG	0 -> [0,48,"WebDriver:GetAlertText",{}]
1601270378734	Marionette	DEBUG	0 <- [1,48,{"error":"no such alert","message":"","stacktrace":"WebDriverError@chrome://marionette/content/error.js:175:5\nNoSuchAl ... t@chrome://marionette/content/server.js:249:9\n_onJSONObjectReady/<@chrome://marionette/content/transport.js:501:20\n"},null]
1601270379040	Marionette	TRACE	Received observer notification toplevel-window-ready
1601270379068	Marionette	TRACE	Received observer notification common-dialog-loaded
1601270379242	Marionette	DEBUG	0 -> [0,49,"WebDriver:GetAlertText",{}]
1601270379243	Marionette	DEBUG	0 <- [1,49,null,{"value":"A confirmation email has been sent to the registered email id. Please check SPAM folder too."}]
1601270379246	Marionette	DEBUG	0 -> [0,50,"WebDriver:GetAlertText",{}]
1601270379246	Marionette	DEBUG	0 <- [1,50,null,{"value":"A confirmation email has been sent to the registered email id. Please check SPAM folder too."}]
1601270379250	Marionette	DEBUG	0 -> [0,51,"WebDriver:AcceptDialog",{}]
1601270379254	Marionette	TRACE	Received event DOMModalDialogClosed
1601270379256	Marionette	TRACE	Received DOM event DOMModalDialogClosed for [object Window]
1601270379256	Marionette	TRACE	Received event DOMModalDialogClosed
1601270379261	Marionette	DEBUG	0 <- [1,51,null,{"value":null}]
1601270383335	Marionette	DEBUG	Closed connection 0
1601290364331	Marionette	TRACE	Received observer notification xpcom-will-shutdown
1601290364331	Marionette	DEBUG	Resetting recommended pref app.update.disabledForTesting
1601290364331	Marionette	DEBUG	Resetting recommended pref apz.content_response_timeout
1601290364331	Marionette	DEBUG	Resetting recommended pref browser.contentblocking.introCount
1601290364331	Marionette	DEBUG	Resetting recommended pref browser.download.panel.shown
1601290364331	Marionette	DEBUG	Resetting recommended pref browser.pagethumbnails.capturing_disabled
1601290364332	Marionette	DEBUG	Resetting recommended pref browser.tabs.disableBackgroundZombification
1601290364332	Marionette	DEBUG	Resetting recommended pref browser.tabs.remote.separatePrivilegedContentProcess
1601290364332	Marionette	DEBUG	Resetting recommended pref browser.tabs.unloadOnLowMemory
1601290364332	Marionette	DEBUG	Resetting recommended pref browser.tabs.warnOnCloseOtherTabs
1601290364332	Marionette	DEBUG	Resetting recommended pref browser.urlbar.suggest.searches
1601290364333	Marionette	DEBUG	Resetting recommended pref datareporting.policy.dataSubmissionPolicyAccepted
1601290364333	Marionette	DEBUG	Resetting recommended pref dom.disable_beforeunload
1601290364333	Marionette	DEBUG	Resetting recommended pref dom.file.createInChild
1601290364333	Marionette	DEBUG	Resetting recommended pref dom.push.connection.enabled
1601290364333	Marionette	DEBUG	Resetting recommended pref extensions.getAddons.cache.enabled
1601290364333	Marionette	DEBUG	Resetting recommended pref extensions.getAddons.discovery.api_url
1601290364334	Marionette	DEBUG	Resetting recommended pref network.http.prompt-temp-redirect
1601290364334	Marionette	DEBUG	Resetting recommended pref privacy.trackingprotection.enabled
1601290364334	Marionette	DEBUG	Resetting recommended pref security.certerrors.mitm.priming.enabled
1601290364334	Marionette	DEBUG	Resetting recommended pref security.notification_enable_delay
1601290364334	Marionette	DEBUG	Resetting recommended pref signon.autofillForms
1601290364335	Marionette	INFO	Stopped listening on port 62021
1601290364335	Marionette	DEBUG	Marionette stopped listening
