1601986625759	geckodriver	INFO	geckodriver 0.21.0
1601986625764	geckodriver	INFO	Listening on 127.0.0.1:54030
1601986626785	mozrunner::runner	INFO	Running command: "/Applications/Firefox.app/Contents/MacOS/firefox-bin" "-marionette" "-foreground" "-no-remote" "-profile" "/var/folders/xz/8j6wp8m52w9dz6qgyj8dwxh80000gn/T/rust_mozprofile.NpsclEBQzwuA"
1601986627639	Marionette	TRACE	Marionette enabled
1601986627736	Marionette	TRACE	Received observer notification toplevel-window-ready
1601986629299	Marionette	TRACE	Received observer notification marionette-startup-requested
1601986629299	Marionette	TRACE	Waiting until startup recorder finished recording startup scripts...
1601986629346	Marionette	TRACE	All scripts recorded.
1601986629347	Marionette	DEBUG	Setting recommended pref app.update.disabledForTesting to true
1601986629347	Marionette	DEBUG	Setting recommended pref apz.content_response_timeout to 60000
1601986629347	Marionette	DEBUG	Setting recommended pref browser.contentblocking.introCount to 99
1601986629347	Marionette	DEBUG	Setting recommended pref browser.download.panel.shown to true
1601986629347	Marionette	DEBUG	Setting recommended pref browser.pagethumbnails.capturing_disabled to true
1601986629347	Marionette	DEBUG	Setting recommended pref browser.tabs.disableBackgroundZombification to false
1601986629348	Marionette	DEBUG	Setting recommended pref browser.tabs.remote.separatePrivilegedContentProcess to false
1601986629348	Marionette	DEBUG	Setting recommended pref browser.tabs.unloadOnLowMemory to false
1601986629348	Marionette	DEBUG	Setting recommended pref browser.tabs.warnOnCloseOtherTabs to false
1601986629348	Marionette	DEBUG	Setting recommended pref browser.urlbar.suggest.searches to false
1601986629349	Marionette	DEBUG	Setting recommended pref datareporting.policy.dataSubmissionPolicyAccepted to false
1601986629349	Marionette	DEBUG	Setting recommended pref dom.disable_beforeunload to true
1601986629349	Marionette	DEBUG	Setting recommended pref dom.file.createInChild to true
1601986629349	Marionette	DEBUG	Setting recommended pref dom.push.connection.enabled to false
1601986629350	Marionette	DEBUG	Setting recommended pref extensions.getAddons.cache.enabled to false
1601986629350	Marionette	DEBUG	Setting recommended pref extensions.getAddons.discovery.api_url to data:, 
1601986629350	Marionette	DEBUG	Setting recommended pref network.http.prompt-temp-redirect to false
1601986629350	Marionette	DEBUG	Setting recommended pref privacy.trackingprotection.enabled to false
1601986629350	Marionette	DEBUG	Setting recommended pref security.certerrors.mitm.priming.enabled to false
1601986629350	Marionette	DEBUG	Setting recommended pref security.notification_enable_delay to 0
1601986629351	Marionette	DEBUG	Setting recommended pref signon.autofillForms to false
1601986629395	Marionette	INFO	Listening on port 54045
1601986629396	Marionette	DEBUG	Marionette is listening
1601986629487	Marionette	DEBUG	Accepted connection 0 from 127.0.0.1:54101
1601986629488	Marionette	DEBUG	0 -> [0,1,"WebDriver:NewSession",{"acceptInsecureCerts":true,"browserName":"firefox","capabilities":{"desiredCapabilities":{"acceptInsecureCerts":true,"browserName":"firefox"}}}]
1601986629489	Marionette	WARN	TLS certificate errors will be ignored for this session
1601986629506	Marionette	TRACE	[19] Frame script loaded
1601986629507	Marionette	TRACE	[19] Frame script registered
1601986629512	Marionette	DEBUG	0 <- [1,1,null,{"sessionId":"3acab12e-a363-de4a-9ab6-7e9be02bbf9c","capabilities":{"browserName":"firefox","browserVersion":"81.0. ... alse,"moz:webdriverClick":true,"capabilities":{"desiredCapabilities":{"acceptInsecureCerts":true,"browserName":"firefox"}}}}]
1601986629517	Marionette	DEBUG	0 -> [0,2,"WebDriver:SetTimeouts",{"script":5000}]
1601986629518	Marionette	DEBUG	0 <- [1,2,null,{"value":null}]
1601986629519	Marionette	DEBUG	0 -> [0,3,"WebDriver:SetTimeouts",{"implicit":0}]
1601986629520	Marionette	DEBUG	0 <- [1,3,null,{"value":null}]
1601986629521	Marionette	DEBUG	0 -> [0,4,"WebDriver:Navigate",{"url":"https://fitto-test.fitto-at.com/"}]
1601986629530	Marionette	TRACE	[19] Received DOM event beforeunload for about:blank
1601986631208	Marionette	TRACE	[19] Received DOM event pagehide for about:blank
JavaScript warning: https://fitto-test.fitto-at.com/fittoApp/js/angular-route.min.js, line 14: Using //@ to indicate sourceMappingURL pragmas is deprecated. Use //# instead
1601986639067	Marionette	TRACE	[19] Received DOM event DOMContentLoaded for https://fitto-test.fitto-at.com/
1601986639102	Marionette	TRACE	[19] Received DOM event pageshow for https://fitto-test.fitto-at.com/
1601986639103	Marionette	DEBUG	0 <- [1,4,null,{"value":null}]
1601986641112	Marionette	DEBUG	0 -> [0,5,"WebDriver:MaximizeWindow",{}]
1601986641609	Marionette	DEBUG	0 <- [1,5,null,{"x":0,"y":23,"width":1440,"height":813}]
1601986644616	Marionette	DEBUG	0 -> [0,6,"WebDriver:FindElements",{"using":"xpath","value":"/html/body/div/div/div/div[2]/div/div/div[2]/form/div/div[1]/input[1]"}]
1601986644621	Marionette	DEBUG	0 <- [1,6,null,[{"element-6066-11e4-a52e-4f735466cecf":"79e399d8-fb11-e842-bec6-fdac4a88b55f"}]]
1601986644625	Marionette	DEBUG	0 -> [0,7,"WebDriver:ElementClear",{"id":"79e399d8-fb11-e842-bec6-fdac4a88b55f"}]
1601986644636	Marionette	DEBUG	0 <- [1,7,null,{"value":null}]
1601986644639	Marionette	DEBUG	0 -> [0,8,"WebDriver:ElementSendKeys",{"id":"79e399d8-fb11-e842-bec6-fdac4a88b55f","text":"mohankumar.n@ambertag.com","value":["m","o","h","a","n","k","u","m","a","r",".","n","@","a","m","b","e","r","t","a","g",".","c","o","m"]}]
1601986644680	Marionette	DEBUG	0 <- [1,8,null,{"value":null}]
1601986645686	Marionette	DEBUG	0 -> [0,9,"WebDriver:FindElements",{"using":"xpath","value":"/html/body/div/div/div/div[2]/div/div/div[2]/form/div/div[1]/input[2]"}]
1601986645688	Marionette	DEBUG	0 <- [1,9,null,[{"element-6066-11e4-a52e-4f735466cecf":"66ed032b-f3be-324f-b615-992f97506282"}]]
1601986645691	Marionette	DEBUG	0 -> [0,10,"WebDriver:ElementClear",{"id":"66ed032b-f3be-324f-b615-992f97506282"}]
1601986645704	Marionette	DEBUG	0 <- [1,10,null,{"value":null}]
1601986645707	Marionette	DEBUG	0 -> [0,11,"WebDriver:ElementSendKeys",{"id":"66ed032b-f3be-324f-b615-992f97506282","text":"testtest","value":["t","e","s","t","t","e","s","t"]}]
1601986645726	Marionette	DEBUG	0 <- [1,11,null,{"value":null}]
1601986648732	Marionette	DEBUG	0 -> [0,12,"WebDriver:FindElements",{"using":"xpath","value":"/html/body/div/div/div/div[2]/div/div/div[2]/form/div/div[3]/button[1]"}]
1601986648736	Marionette	DEBUG	0 <- [1,12,null,[{"element-6066-11e4-a52e-4f735466cecf":"50f33b7b-09e9-2945-b0a3-6f0c31eacdfb"}]]
1601986648739	Marionette	DEBUG	0 -> [0,13,"WebDriver:ElementClick",{"id":"50f33b7b-09e9-2945-b0a3-6f0c31eacdfb"}]
1601986648970	Marionette	DEBUG	[19] Canceled page load listener because no navigation has been detected
1601986648971	Marionette	DEBUG	0 <- [1,13,null,{"value":null}]
1601986653978	Marionette	DEBUG	0 -> [0,14,"WebDriver:FindElements",{"using":"xpath","value":"/html/body/div/div/div[1]/div[2]/div[2]/div[1]/button"}]
1601986653980	Marionette	DEBUG	0 <- [1,14,null,[]]
1601986653984	Marionette	DEBUG	0 -> [0,15,"WebDriver:TakeScreenshot",{"full":false,"highlights":[],"id":null}]
1601986653985	Marionette	TRACE	Using browsing context 19
1601986654151	Marionette	DEBUG	0 <- [1,15,null,{"value":"iVBORw0KGgoAAAANSUhEUgAAC0AAAAXGCAYAAAATmS74AAAgAElEQVR4nOzdaVdb97mw8Z5P0C/wNOf983ySc/ryLNvH8XHjpCe2kzjN ... CADQEaAAAAAAAAAAAAANgQoAEAAAAAAAAAAACADQEaAAAAAAAAAAAAANgQoAEAAAAAAAAAAACADQEaAAAAAAAAAAAAANgItt6VvhmaXA0AAAAASUVORK5CYII="}]
1601986654318	Marionette	DEBUG	Closed connection 0
1601986670903	Marionette	TRACE	Received observer notification xpcom-will-shutdown
1601986670904	Marionette	DEBUG	Resetting recommended pref app.update.disabledForTesting
1601986670904	Marionette	DEBUG	Resetting recommended pref apz.content_response_timeout
1601986670904	Marionette	DEBUG	Resetting recommended pref browser.contentblocking.introCount
1601986670904	Marionette	DEBUG	Resetting recommended pref browser.download.panel.shown
1601986670904	Marionette	DEBUG	Resetting recommended pref browser.pagethumbnails.capturing_disabled
1601986670904	Marionette	DEBUG	Resetting recommended pref browser.tabs.disableBackgroundZombification
1601986670905	Marionette	DEBUG	Resetting recommended pref browser.tabs.remote.separatePrivilegedContentProcess
1601986670905	Marionette	DEBUG	Resetting recommended pref browser.tabs.unloadOnLowMemory
1601986670905	Marionette	DEBUG	Resetting recommended pref browser.tabs.warnOnCloseOtherTabs
1601986670905	Marionette	DEBUG	Resetting recommended pref browser.urlbar.suggest.searches
1601986670905	Marionette	DEBUG	Resetting recommended pref datareporting.policy.dataSubmissionPolicyAccepted
1601986670905	Marionette	DEBUG	Resetting recommended pref dom.disable_beforeunload
1601986670906	Marionette	DEBUG	Resetting recommended pref dom.file.createInChild
1601986670906	Marionette	DEBUG	Resetting recommended pref dom.push.connection.enabled
1601986670906	Marionette	DEBUG	Resetting recommended pref extensions.getAddons.cache.enabled
1601986670906	Marionette	DEBUG	Resetting recommended pref extensions.getAddons.discovery.api_url
1601986670906	Marionette	DEBUG	Resetting recommended pref network.http.prompt-temp-redirect
1601986670906	Marionette	DEBUG	Resetting recommended pref privacy.trackingprotection.enabled
1601986670906	Marionette	DEBUG	Resetting recommended pref security.certerrors.mitm.priming.enabled
1601986670906	Marionette	DEBUG	Resetting recommended pref security.notification_enable_delay
1601986670906	Marionette	DEBUG	Resetting recommended pref signon.autofillForms
1601986670907	Marionette	INFO	Stopped listening on port 54045
1601986670907	Marionette	DEBUG	Marionette stopped listening
