1601273282294	geckodriver	INFO	geckodriver 0.21.0
1601273282300	geckodriver	INFO	Listening on 127.0.0.1:58426
1601273283310	mozrunner::runner	INFO	Running command: "/Applications/Firefox.app/Contents/MacOS/firefox-bin" "-marionette" "-foreground" "-no-remote" "-profile" "/var/folders/xz/8j6wp8m52w9dz6qgyj8dwxh80000gn/T/rust_mozprofile.TT3CdU9whIML"
1601273287277	Marionette	TRACE	Marionette enabled
1601273287360	Marionette	TRACE	Received observer notification toplevel-window-ready
1601273291662	Marionette	TRACE	Received observer notification marionette-startup-requested
1601273291662	Marionette	TRACE	Waiting until startup recorder finished recording startup scripts...
1601273291671	Marionette	TRACE	All scripts recorded.
1601273291671	Marionette	DEBUG	Setting recommended pref app.update.disabledForTesting to true
1601273291671	Marionette	DEBUG	Setting recommended pref apz.content_response_timeout to 60000
1601273291671	Marionette	DEBUG	Setting recommended pref browser.contentblocking.introCount to 99
1601273291671	Marionette	DEBUG	Setting recommended pref browser.download.panel.shown to true
1601273291671	Marionette	DEBUG	Setting recommended pref browser.newtabpage.enabled to false
1601273291672	Marionette	DEBUG	Setting recommended pref browser.pagethumbnails.capturing_disabled to true
1601273291672	Marionette	DEBUG	Setting recommended pref browser.search.update to false
1601273291672	Marionette	DEBUG	Setting recommended pref browser.tabs.disableBackgroundZombification to false
1601273291672	Marionette	DEBUG	Setting recommended pref browser.tabs.remote.separatePrivilegedContentProcess to false
1601273291673	Marionette	DEBUG	Setting recommended pref browser.tabs.unloadOnLowMemory to false
1601273291673	Marionette	DEBUG	Setting recommended pref browser.tabs.warnOnCloseOtherTabs to false
1601273291673	Marionette	DEBUG	Setting recommended pref browser.tabs.warnOnOpen to false
1601273291673	Marionette	DEBUG	Setting recommended pref browser.usedOnWindows10.introURL to 
1601273291673	Marionette	DEBUG	Setting recommended pref browser.urlbar.suggest.searches to false
1601273291673	Marionette	DEBUG	Setting recommended pref datareporting.policy.dataSubmissionPolicyAccepted to false
1601273291673	Marionette	DEBUG	Setting recommended pref dom.disable_beforeunload to true
1601273291674	Marionette	DEBUG	Setting recommended pref dom.disable_open_during_load to false
1601273291674	Marionette	DEBUG	Setting recommended pref dom.file.createInChild to true
1601273291674	Marionette	DEBUG	Setting recommended pref dom.max_chrome_script_run_time to 0
1601273291674	Marionette	DEBUG	Setting recommended pref dom.max_script_run_time to 0
1601273291674	Marionette	DEBUG	Setting recommended pref dom.push.connection.enabled to false
1601273291674	Marionette	DEBUG	Setting recommended pref extensions.getAddons.cache.enabled to false
1601273291674	Marionette	DEBUG	Setting recommended pref extensions.getAddons.discovery.api_url to data:, 
1601273291674	Marionette	DEBUG	Setting recommended pref network.http.prompt-temp-redirect to false
1601273291675	Marionette	DEBUG	Setting recommended pref privacy.trackingprotection.enabled to false
1601273291675	Marionette	DEBUG	Setting recommended pref security.certerrors.mitm.priming.enabled to false
1601273291675	Marionette	DEBUG	Setting recommended pref security.fileuri.strict_origin_policy to false
1601273291675	Marionette	DEBUG	Setting recommended pref security.notification_enable_delay to 0
1601273291675	Marionette	DEBUG	Setting recommended pref signon.autofillForms to false
1601273291675	Marionette	DEBUG	Setting recommended pref signon.rememberSignons to false
1601273291712	Marionette	INFO	Listening on port 58445
1601273291713	Marionette	DEBUG	Marionette is listening
1601273291729	Marionette	DEBUG	Accepted connection 0 from 127.0.0.1:58579
1601273291731	Marionette	DEBUG	0 -> [0,1,"WebDriver:NewSession",{"acceptInsecureCerts":true,"browserName":"firefox","capabilities":{"desiredCapabilities":{"acceptInsecureCerts":true,"browserName":"firefox"}}}]
1601273291731	Marionette	WARN	TLS certificate errors will be ignored for this session
1601273294158	Marionette	TRACE	[22] Frame script loaded
1601273294159	Marionette	TRACE	[22] Frame script registered
1601273294163	Marionette	DEBUG	0 <- [1,1,null,{"sessionId":"02e5443e-3eb8-4743-9f48-3e9619061e62","capabilities":{"browserName":"firefox","browserVersion":"80.0. ... alse,"moz:webdriverClick":true,"capabilities":{"desiredCapabilities":{"acceptInsecureCerts":true,"browserName":"firefox"}}}}]
1601273294171	Marionette	DEBUG	0 -> [0,2,"WebDriver:Navigate",{"url":"http://gmail.com"}]
1601273294205	Marionette	TRACE	[22] Received DOM event beforeunload for about:blank
1601273303000	Marionette	TRACE	[22] Received DOM event pagehide for about:blank
1601273305899	Marionette	TRACE	[22] Received DOM event DOMContentLoaded for https://accounts.google.com/ServiceLogin?service=mail&passive=true&rm=false&continue=https://mail.google.com/mail/&ss=1&scc=1&ltmpl=default&ltmplcache=2&emr=1&osid=1#
1601273319936	Marionette	TRACE	[22] Received observer notification outer-window-destroyed
1601273320241	Marionette	TRACE	[22] Received DOM event pageshow for https://accounts.google.com/signin/v2/identifier?service=mail&passive=true&rm=false&continue=https%3A%2F%2Fmail.google.com%2Fmail%2F&ss=1&scc=1&ltmpl=default&ltmplcache=2&emr=1&osid=1&flowName=GlifWebSignIn&flowEntry=ServiceLogin
1601273320242	Marionette	DEBUG	0 <- [1,2,null,{"value":null}]
1601273320246	Marionette	DEBUG	0 -> [0,3,"WebDriver:FindElement",{"using":"css selector","value":"[id=\"Email\"]"}]
1601273320251	Marionette	DEBUG	0 <- [1,3,{"error":"no such element","message":"Unable to locate element: [id=\"Email\"]","stacktrace":"WebDriverError@chrome://ma ... entError@chrome://marionette/content/error.js:387:5\nelement.find/</<@chrome://marionette/content/element.js:330:16\n"},null]
1601273320263	Marionette	DEBUG	Closed connection 0
1601273336785	Marionette	TRACE	Received observer notification xpcom-will-shutdown
1601273336785	Marionette	DEBUG	Resetting recommended pref app.update.disabledForTesting
1601273336785	Marionette	DEBUG	Resetting recommended pref apz.content_response_timeout
1601273336785	Marionette	DEBUG	Resetting recommended pref browser.contentblocking.introCount
1601273336785	Marionette	DEBUG	Resetting recommended pref browser.download.panel.shown
1601273336785	Marionette	DEBUG	Resetting recommended pref browser.newtabpage.enabled
1601273336786	Marionette	DEBUG	Resetting recommended pref browser.pagethumbnails.capturing_disabled
1601273336786	Marionette	DEBUG	Resetting recommended pref browser.search.update
1601273336786	Marionette	DEBUG	Resetting recommended pref browser.tabs.disableBackgroundZombification
1601273336786	Marionette	DEBUG	Resetting recommended pref browser.tabs.remote.separatePrivilegedContentProcess
1601273336786	Marionette	DEBUG	Resetting recommended pref browser.tabs.unloadOnLowMemory
1601273336786	Marionette	DEBUG	Resetting recommended pref browser.tabs.warnOnCloseOtherTabs
1601273336786	Marionette	DEBUG	Resetting recommended pref browser.tabs.warnOnOpen
1601273336786	Marionette	DEBUG	Resetting recommended pref browser.usedOnWindows10.introURL
1601273336786	Marionette	DEBUG	Resetting recommended pref browser.urlbar.suggest.searches
1601273336786	Marionette	DEBUG	Resetting recommended pref datareporting.policy.dataSubmissionPolicyAccepted
1601273336786	Marionette	DEBUG	Resetting recommended pref dom.disable_beforeunload
1601273336787	Marionette	DEBUG	Resetting recommended pref dom.disable_open_during_load
1601273336787	Marionette	DEBUG	Resetting recommended pref dom.file.createInChild
1601273336787	Marionette	DEBUG	Resetting recommended pref dom.max_chrome_script_run_time
1601273336787	Marionette	DEBUG	Resetting recommended pref dom.max_script_run_time
1601273336787	Marionette	DEBUG	Resetting recommended pref dom.push.connection.enabled
1601273336787	Marionette	DEBUG	Resetting recommended pref extensions.getAddons.cache.enabled
1601273336787	Marionette	DEBUG	Resetting recommended pref extensions.getAddons.discovery.api_url
1601273336787	Marionette	DEBUG	Resetting recommended pref network.http.prompt-temp-redirect
1601273336787	Marionette	DEBUG	Resetting recommended pref privacy.trackingprotection.enabled
1601273336787	Marionette	DEBUG	Resetting recommended pref security.certerrors.mitm.priming.enabled
1601273336787	Marionette	DEBUG	Resetting recommended pref security.fileuri.strict_origin_policy
1601273336787	Marionette	DEBUG	Resetting recommended pref security.notification_enable_delay
1601273336787	Marionette	DEBUG	Resetting recommended pref signon.autofillForms
1601273336788	Marionette	DEBUG	Resetting recommended pref signon.rememberSignons
1601273336788	Marionette	INFO	Stopped listening on port 58445
1601273336788	Marionette	DEBUG	Marionette stopped listening
